<?xml version="1.0" encoding="UTF-8"?>
<testsuite xmlns:xsi="http://www.w3.org/2001/XMLSchema-instance" xsi:noNamespaceSchemaLocation="https://maven.apache.org/surefire/maven-surefire-plugin/xsd/surefire-test-report-3.0.xsd" version="3.0" name="de.home.vs.rest_service_app.AppTest" time="0.038" tests="1" errors="0" skipped="0" failures="0">
  <properties>
    <property name="java.specification.version" value="17"/>
    <property name="sun.cpu.isalist" value="amd64"/>
    <property name="sun.jnu.encoding" value="MS932"/>
    <property name="java.class.path" value="C:\Users\LDH\Documents\Docu\6th Semester\Cloud Technology\RestServiceAppDemo\target\test-classes;C:\Users\LDH\Documents\Docu\6th Semester\Cloud Technology\RestServiceAppDemo\target\classes;C:\Users\LDH\.m2\repository\junit\junit\3.8.1\junit-3.8.1.jar;C:\Users\LDH\.m2\repository\org\glassfish\jersey\containers\jersey-container-jetty-http\2.25\jersey-container-jetty-http-2.25.jar;C:\Users\LDH\.m2\repository\org\glassfish\hk2\external\javax.inject\2.5.0-b30\javax.inject-2.5.0-b30.jar;C:\Users\LDH\.m2\repository\org\eclipse\jetty\jetty-continuation\9.2.14.v20151106\jetty-continuation-9.2.14.v20151106.jar;C:\Users\LDH\.m2\repository\org\glassfish\jersey\core\jersey-common\2.25\jersey-common-2.25.jar;C:\Users\LDH\.m2\repository\org\glassfish\jersey\bundles\repackaged\jersey-guava\2.25\jersey-guava-2.25.jar;C:\Users\LDH\.m2\repository\org\glassfish\hk2\osgi-resource-locator\1.0.1\osgi-resource-locator-1.0.1.jar;C:\Users\LDH\.m2\repository\javax\ws\rs\javax.ws.rs-api\2.0.1\javax.ws.rs-api-2.0.1.jar;C:\Users\LDH\.m2\repository\org\eclipse\jetty\jetty-util\9.4.0.v20161208\jetty-util-9.4.0.v20161208.jar;C:\Users\LDH\.m2\repository\org\glassfish\jersey\core\jersey-server\2.25\jersey-server-2.25.jar;C:\Users\LDH\.m2\repository\org\glassfish\jersey\core\jersey-client\2.25\jersey-client-2.25.jar;C:\Users\LDH\.m2\repository\org\glassfish\jersey\media\jersey-media-jaxb\2.25\jersey-media-jaxb-2.25.jar;C:\Users\LDH\.m2\repository\javax\annotation\javax.annotation-api\1.2\javax.annotation-api-1.2.jar;C:\Users\LDH\.m2\repository\org\glassfish\hk2\hk2-api\2.5.0-b30\hk2-api-2.5.0-b30.jar;C:\Users\LDH\.m2\repository\org\glassfish\hk2\hk2-utils\2.5.0-b30\hk2-utils-2.5.0-b30.jar;C:\Users\LDH\.m2\repository\org\glassfish\hk2\external\aopalliance-repackaged\2.5.0-b30\aopalliance-repackaged-2.5.0-b30.jar;C:\Users\LDH\.m2\repository\org\glassfish\hk2\hk2-locator\2.5.0-b30\hk2-locator-2.5.0-b30.jar;C:\Users\LDH\.m2\repository\org\javassist\javassist\3.20.0-GA\javassist-3.20.0-GA.jar;C:\Users\LDH\.m2\repository\javax\validation\validation-api\1.1.0.Final\validation-api-1.1.0.Final.jar;C:\Users\LDH\.m2\repository\org\glassfish\jersey\containers\jersey-container-servlet-core\2.25\jersey-container-servlet-core-2.25.jar;C:\Users\LDH\.m2\repository\org\eclipse\jetty\jetty-servlet\9.4.0.v20161208\jetty-servlet-9.4.0.v20161208.jar;C:\Users\LDH\.m2\repository\org\eclipse\jetty\jetty-security\9.4.0.v20161208\jetty-security-9.4.0.v20161208.jar;C:\Users\LDH\.m2\repository\org\eclipse\jetty\jetty-server\9.4.0.v20161208\jetty-server-9.4.0.v20161208.jar;C:\Users\LDH\.m2\repository\javax\servlet\javax.servlet-api\3.1.0\javax.servlet-api-3.1.0.jar;C:\Users\LDH\.m2\repository\org\eclipse\jetty\jetty-http\9.4.0.v20161208\jetty-http-9.4.0.v20161208.jar;C:\Users\LDH\.m2\repository\org\eclipse\jetty\jetty-io\9.4.0.v20161208\jetty-io-9.4.0.v20161208.jar;C:\Users\LDH\.m2\repository\org\glassfish\jersey\media\jersey-media-json-processing\2.25\jersey-media-json-processing-2.25.jar;C:\Users\LDH\.m2\repository\org\glassfish\javax.json\1.0.4\javax.json-1.0.4.jar;C:\Users\LDH\.m2\repository\org\glassfish\jsonp-jaxrs\1.0\jsonp-jaxrs-1.0.jar;C:\Users\LDH\.m2\repository\javax\xml\bind\jaxb-api\2.3.1\jaxb-api-2.3.1.jar;C:\Users\LDH\.m2\repository\javax\activation\javax.activation-api\1.2.0\javax.activation-api-1.2.0.jar;C:\Users\LDH\.m2\repository\org\glassfish\jaxb\jaxb-runtime\2.3.1\jaxb-runtime-2.3.1.jar;C:\Users\LDH\.m2\repository\org\glassfish\jaxb\txw2\2.3.1\txw2-2.3.1.jar;C:\Users\LDH\.m2\repository\com\sun\istack\istack-commons-runtime\3.0.7\istack-commons-runtime-3.0.7.jar;C:\Users\LDH\.m2\repository\org\jvnet\staxex\stax-ex\1.8\stax-ex-1.8.jar;C:\Users\LDH\.m2\repository\com\sun\xml\fastinfoset\FastInfoset\1.2.15\FastInfoset-1.2.15.jar;"/>
    <property name="java.vm.vendor" value="GraalVM Community"/>
    <property name="sun.arch.data.model" value="64"/>
    <property name="user.variant" value=""/>
    <property name="java.vendor.url" value="https://www.graalvm.org/"/>
    <property name="user.timezone" value="Europe/Berlin"/>
    <property name="user.country.format" value="DE"/>
    <property name="os.name" value="Windows 10"/>
    <property name="java.vm.specification.version" value="17"/>
    <property name="sun.java.launcher" value="SUN_STANDARD"/>
    <property name="user.country" value="US"/>
    <property name="sun.boot.library.path" value="c:\Users\LDH\.vscode\graalvm-ce-java17-22.3.2\bin"/>
    <property name="sun.java.command" value="C:\Users\LDH\AppData\Local\Temp\surefire17522249564672131407\surefirebooter-20230628132252430_3.jar C:\Users\LDH\AppData\Local\Temp\surefire17522249564672131407 2023-06-28T13-22-52_233-jvmRun1 surefire-20230628132252430_1tmp surefire_0-20230628132252430_2tmp"/>
    <property name="jdk.debug" value="release"/>
    <property name="surefire.test.class.path" value="C:\Users\LDH\Documents\Docu\6th Semester\Cloud Technology\RestServiceAppDemo\target\test-classes;C:\Users\LDH\Documents\Docu\6th Semester\Cloud Technology\RestServiceAppDemo\target\classes;C:\Users\LDH\.m2\repository\junit\junit\3.8.1\junit-3.8.1.jar;C:\Users\LDH\.m2\repository\org\glassfish\jersey\containers\jersey-container-jetty-http\2.25\jersey-container-jetty-http-2.25.jar;C:\Users\LDH\.m2\repository\org\glassfish\hk2\external\javax.inject\2.5.0-b30\javax.inject-2.5.0-b30.jar;C:\Users\LDH\.m2\repository\org\eclipse\jetty\jetty-continuation\9.2.14.v20151106\jetty-continuation-9.2.14.v20151106.jar;C:\Users\LDH\.m2\repository\org\glassfish\jersey\core\jersey-common\2.25\jersey-common-2.25.jar;C:\Users\LDH\.m2\repository\org\glassfish\jersey\bundles\repackaged\jersey-guava\2.25\jersey-guava-2.25.jar;C:\Users\LDH\.m2\repository\org\glassfish\hk2\osgi-resource-locator\1.0.1\osgi-resource-locator-1.0.1.jar;C:\Users\LDH\.m2\repository\javax\ws\rs\javax.ws.rs-api\2.0.1\javax.ws.rs-api-2.0.1.jar;C:\Users\LDH\.m2\repository\org\eclipse\jetty\jetty-util\9.4.0.v20161208\jetty-util-9.4.0.v20161208.jar;C:\Users\LDH\.m2\repository\org\glassfish\jersey\core\jersey-server\2.25\jersey-server-2.25.jar;C:\Users\LDH\.m2\repository\org\glassfish\jersey\core\jersey-client\2.25\jersey-client-2.25.jar;C:\Users\LDH\.m2\repository\org\glassfish\jersey\media\jersey-media-jaxb\2.25\jersey-media-jaxb-2.25.jar;C:\Users\LDH\.m2\repository\javax\annotation\javax.annotation-api\1.2\javax.annotation-api-1.2.jar;C:\Users\LDH\.m2\repository\org\glassfish\hk2\hk2-api\2.5.0-b30\hk2-api-2.5.0-b30.jar;C:\Users\LDH\.m2\repository\org\glassfish\hk2\hk2-utils\2.5.0-b30\hk2-utils-2.5.0-b30.jar;C:\Users\LDH\.m2\repository\org\glassfish\hk2\external\aopalliance-repackaged\2.5.0-b30\aopalliance-repackaged-2.5.0-b30.jar;C:\Users\LDH\.m2\repository\org\glassfish\hk2\hk2-locator\2.5.0-b30\hk2-locator-2.5.0-b30.jar;C:\Users\LDH\.m2\repository\org\javassist\javassist\3.20.0-GA\javassist-3.20.0-GA.jar;C:\Users\LDH\.m2\repository\javax\validation\validation-api\1.1.0.Final\validation-api-1.1.0.Final.jar;C:\Users\LDH\.m2\repository\org\glassfish\jersey\containers\jersey-container-servlet-core\2.25\jersey-container-servlet-core-2.25.jar;C:\Users\LDH\.m2\repository\org\eclipse\jetty\jetty-servlet\9.4.0.v20161208\jetty-servlet-9.4.0.v20161208.jar;C:\Users\LDH\.m2\repository\org\eclipse\jetty\jetty-security\9.4.0.v20161208\jetty-security-9.4.0.v20161208.jar;C:\Users\LDH\.m2\repository\org\eclipse\jetty\jetty-server\9.4.0.v20161208\jetty-server-9.4.0.v20161208.jar;C:\Users\LDH\.m2\repository\javax\servlet\javax.servlet-api\3.1.0\javax.servlet-api-3.1.0.jar;C:\Users\LDH\.m2\repository\org\eclipse\jetty\jetty-http\9.4.0.v20161208\jetty-http-9.4.0.v20161208.jar;C:\Users\LDH\.m2\repository\org\eclipse\jetty\jetty-io\9.4.0.v20161208\jetty-io-9.4.0.v20161208.jar;C:\Users\LDH\.m2\repository\org\glassfish\jersey\media\jersey-media-json-processing\2.25\jersey-media-json-processing-2.25.jar;C:\Users\LDH\.m2\repository\org\glassfish\javax.json\1.0.4\javax.json-1.0.4.jar;C:\Users\LDH\.m2\repository\org\glassfish\jsonp-jaxrs\1.0\jsonp-jaxrs-1.0.jar;C:\Users\LDH\.m2\repository\javax\xml\bind\jaxb-api\2.3.1\jaxb-api-2.3.1.jar;C:\Users\LDH\.m2\repository\javax\activation\javax.activation-api\1.2.0\javax.activation-api-1.2.0.jar;C:\Users\LDH\.m2\repository\org\glassfish\jaxb\jaxb-runtime\2.3.1\jaxb-runtime-2.3.1.jar;C:\Users\LDH\.m2\repository\org\glassfish\jaxb\txw2\2.3.1\txw2-2.3.1.jar;C:\Users\LDH\.m2\repository\com\sun\istack\istack-commons-runtime\3.0.7\istack-commons-runtime-3.0.7.jar;C:\Users\LDH\.m2\repository\org\jvnet\staxex\stax-ex\1.8\stax-ex-1.8.jar;C:\Users\LDH\.m2\repository\com\sun\xml\fastinfoset\FastInfoset\1.2.15\FastInfoset-1.2.15.jar;"/>
    <property name="sun.cpu.endian" value="little"/>
    <property name="user.home" value="C:\Users\LDH"/>
    <property name="user.language" value="en"/>
    <property name="java.specification.vendor" value="Oracle Corporation"/>
    <property name="java.version.date" value="2023-04-18"/>
    <property name="java.home" value="c:\Users\LDH\.vscode\graalvm-ce-java17-22.3.2"/>
    <property name="file.separator" value="\"/>
    <property name="basedir" value="C:\Users\LDH\Documents\Docu\6th Semester\Cloud Technology\RestServiceAppDemo"/>
    <property name="java.vm.compressedOopsMode" value="Zero based"/>
    <property name="jdk.internal.vm.ci.enabled" value="true"/>
    <property name="line.separator" value="&#10;"/>
    <property name="java.vm.specification.vendor" value="Oracle Corporation"/>
    <property name="java.specification.name" value="Java Platform API Specification"/>
    <property name="surefire.real.class.path" value="C:\Users\LDH\AppData\Local\Temp\surefire17522249564672131407\surefirebooter-20230628132252430_3.jar"/>
    <property name="user.script" value=""/>
    <property name="sun.management.compiler" value="HotSpot 64-Bit Tiered Compilers"/>
    <property name="java.runtime.version" value="17.0.7+7-jvmci-22.3-b18"/>
    <property name="user.name" value="LDH"/>
    <property name="path.separator" value=";"/>
    <property name="os.version" value="10.0"/>
    <property name="java.runtime.name" value="OpenJDK Runtime Environment"/>
    <property name="file.encoding" value="MS932"/>
    <property name="java.vm.name" value="OpenJDK 64-Bit Server VM"/>
    <property name="java.vendor.version" value="GraalVM CE 22.3.2"/>
    <property name="localRepository" value="C:\Users\LDH\.m2\repository"/>
    <property name="java.vendor.url.bug" value="https://github.com/oracle/graal/issues"/>
    <property name="java.io.tmpdir" value="C:\Users\LDH\AppData\Local\Temp\"/>
    <property name="java.version" value="17.0.7"/>
    <property name="user.dir" value="C:\Users\LDH\Documents\Docu\6th Semester\Cloud Technology\RestServiceAppDemo"/>
    <property name="os.arch" value="amd64"/>
    <property name="java.vm.specification.name" value="Java Virtual Machine Specification"/>
    <property name="sun.os.patch.level" value=""/>
    <property name="native.encoding" value="MS932"/>
    <property name="java.library.path" value="c:\Users\LDH\.vscode\graalvm-ce-java17-22.3.2\bin;C:\Windows\Sun\Java\bin;C:\Windows\system32;C:\Windows;c:\Users\LDH\.vscode\graalvm-ce-java17-22.3.2\bin;C:\Python311\Scripts\;C:\Python311\;C:\Windows\system32;C:\Windows;C:\Windows\System32\Wbem;C:\Windows\System32\WindowsPowerShell\v1.0\;C:\Windows\System32\OpenSSH\;C:\Program Files\Microsoft VS Code\bin;C:\ProgramData\chocolatey\bin;C:\Program Files\OpenJDK\jdk-19.0.2\bin;C:\Program Files\Cloudflare\Cloudflare WARP\;C:\ProgramData\chocolatey\lib\maven\apache-maven-3.9.3\bin;C:\Users\LDH\AppData\Local\Microsoft\WindowsApps;C:\ProgramData\chocolatey\lib\mingw\tools\install\mingw64\bin;C:\Program Files\swipl\bin;C:\Program Files\7-Zip;C:\Users\LDH\AppData\Local\GitHubDesktop\bin;."/>
    <property name="java.vm.info" value="mixed mode, sharing"/>
    <property name="java.vendor" value="GraalVM Community"/>
    <property name="java.vm.version" value="17.0.7+7-jvmci-22.3-b18"/>
    <property name="sun.io.unicode.encoding" value="UnicodeLittle"/>
    <property name="java.class.version" value="61.0"/>
  </properties>
  <testcase name="testApp" classname="de.home.vs.rest_service_app.AppTest" time="0.003"/>
</testsuite>